Traceback (most recent call last):
  File "C:\Users\crist\miniconda3\envs\ml_venv\lib\site-packages\jupyter_cache\executors\utils.py", line 58, in single_nb_execution
    executenb(
  File "C:\Users\crist\miniconda3\envs\ml_venv\lib\site-packages\nbclient\client.py", line 1305, in execute
    return NotebookClient(nb=nb, resources=resources, km=km, **kwargs).execute()
  File "C:\Users\crist\miniconda3\envs\ml_venv\lib\site-packages\jupyter_core\utils\__init__.py", line 166, in wrapped
    return loop.run_until_complete(inner)
  File "C:\Users\crist\miniconda3\envs\ml_venv\lib\asyncio\base_events.py", line 647, in run_until_complete
    return future.result()
  File "C:\Users\crist\miniconda3\envs\ml_venv\lib\site-packages\nbclient\client.py", line 705, in async_execute
    await self.async_execute_cell(
  File "C:\Users\crist\miniconda3\envs\ml_venv\lib\site-packages\nbclient\client.py", line 1058, in async_execute_cell
    await self._check_raise_for_error(cell, cell_index, exec_reply)
  File "C:\Users\crist\miniconda3\envs\ml_venv\lib\site-packages\nbclient\client.py", line 914, in _check_raise_for_error
    raise CellExecutionError.from_cell_and_msg(cell, exec_reply_content)
nbclient.exceptions.CellExecutionError: An error occurred while executing the following cell:
------------------
projections = PCA(3,random_state=123).fit_transform(X_PCA)
------------------


[1;31m---------------------------------------------------------------------------[0m
[1;31mValueError[0m                                Traceback (most recent call last)
Cell [1;32mIn[7], line 1[0m
[1;32m----> 1[0m projections [38;5;241m=[39m [43mPCA[49m[43m([49m[38;5;241;43m3[39;49m[43m,[49m[43mrandom_state[49m[38;5;241;43m=[39;49m[38;5;241;43m123[39;49m[43m)[49m[38;5;241;43m.[39;49m[43mfit_transform[49m[43m([49m[43mX_PCA[49m[43m)[49m

File [1;32m~\miniconda3\envs\ml_venv\lib\site-packages\sklearn\utils\_set_output.py:140[0m, in [0;36m_wrap_method_output.<locals>.wrapped[1;34m(self, X, *args, **kwargs)[0m
[0;32m    138[0m [38;5;129m@wraps[39m(f)
[0;32m    139[0m [38;5;28;01mdef[39;00m [38;5;21mwrapped[39m([38;5;28mself[39m, X, [38;5;241m*[39margs, [38;5;241m*[39m[38;5;241m*[39mkwargs):
[1;32m--> 140[0m     data_to_wrap [38;5;241m=[39m f([38;5;28mself[39m, X, [38;5;241m*[39margs, [38;5;241m*[39m[38;5;241m*[39mkwargs)
[0;32m    141[0m     [38;5;28;01mif[39;00m [38;5;28misinstance[39m(data_to_wrap, [38;5;28mtuple[39m):
[0;32m    142[0m         [38;5;66;03m# only wrap the first output for cross decomposition[39;00m
[0;32m    143[0m         return_tuple [38;5;241m=[39m (
[0;32m    144[0m             _wrap_data_with_container(method, data_to_wrap[[38;5;241m0[39m], X, [38;5;28mself[39m),
[0;32m    145[0m             [38;5;241m*[39mdata_to_wrap[[38;5;241m1[39m:],
[0;32m    146[0m         )

File [1;32m~\miniconda3\envs\ml_venv\lib\site-packages\sklearn\base.py:1151[0m, in [0;36m_fit_context.<locals>.decorator.<locals>.wrapper[1;34m(estimator, *args, **kwargs)[0m
[0;32m   1144[0m     estimator[38;5;241m.[39m_validate_params()
[0;32m   1146[0m [38;5;28;01mwith[39;00m config_context(
[0;32m   1147[0m     skip_parameter_validation[38;5;241m=[39m(
[0;32m   1148[0m         prefer_skip_nested_validation [38;5;129;01mor[39;00m global_skip_validation
[0;32m   1149[0m     )
[0;32m   1150[0m ):
[1;32m-> 1151[0m     [38;5;28;01mreturn[39;00m fit_method(estimator, [38;5;241m*[39margs, [38;5;241m*[39m[38;5;241m*[39mkwargs)

File [1;32m~\miniconda3\envs\ml_venv\lib\site-packages\sklearn\decomposition\_pca.py:460[0m, in [0;36mPCA.fit_transform[1;34m(self, X, y)[0m
[0;32m    437[0m [38;5;129m@_fit_context[39m(prefer_skip_nested_validation[38;5;241m=[39m[38;5;28;01mTrue[39;00m)
[0;32m    438[0m [38;5;28;01mdef[39;00m [38;5;21mfit_transform[39m([38;5;28mself[39m, X, y[38;5;241m=[39m[38;5;28;01mNone[39;00m):
[0;32m    439[0m [38;5;250m    [39m[38;5;124;03m"""Fit the model with X and apply the dimensionality reduction on X.[39;00m
[0;32m    440[0m 
[0;32m    441[0m [38;5;124;03m    Parameters[39;00m
[1;32m   (...)[0m
[0;32m    458[0m [38;5;124;03m    C-ordered array, use 'np.ascontiguousarray'.[39;00m
[0;32m    459[0m [38;5;124;03m    """[39;00m
[1;32m--> 460[0m     U, S, Vt [38;5;241m=[39m [38;5;28;43mself[39;49m[38;5;241;43m.[39;49m[43m_fit[49m[43m([49m[43mX[49m[43m)[49m
[0;32m    461[0m     U [38;5;241m=[39m U[:, : [38;5;28mself[39m[38;5;241m.[39mn_components_]
[0;32m    463[0m     [38;5;28;01mif[39;00m [38;5;28mself[39m[38;5;241m.[39mwhiten:
[0;32m    464[0m         [38;5;66;03m# X_new = X * V / S * sqrt(n_samples) = U * sqrt(n_samples)[39;00m

File [1;32m~\miniconda3\envs\ml_venv\lib\site-packages\sklearn\decomposition\_pca.py:483[0m, in [0;36mPCA._fit[1;34m(self, X)[0m
[0;32m    477[0m [38;5;28;01mif[39;00m issparse(X):
[0;32m    478[0m     [38;5;28;01mraise[39;00m [38;5;167;01mTypeError[39;00m(
[0;32m    479[0m         [38;5;124m"[39m[38;5;124mPCA does not support sparse input. See [39m[38;5;124m"[39m
[0;32m    480[0m         [38;5;124m"[39m[38;5;124mTruncatedSVD for a possible alternative.[39m[38;5;124m"[39m
[0;32m    481[0m     )
[1;32m--> 483[0m X [38;5;241m=[39m [38;5;28;43mself[39;49m[38;5;241;43m.[39;49m[43m_validate_data[49m[43m([49m
[0;32m    484[0m [43m    [49m[43mX[49m[43m,[49m[43m [49m[43mdtype[49m[38;5;241;43m=[39;49m[43m[[49m[43mnp[49m[38;5;241;43m.[39;49m[43mfloat64[49m[43m,[49m[43m [49m[43mnp[49m[38;5;241;43m.[39;49m[43mfloat32[49m[43m][49m[43m,[49m[43m [49m[43mensure_2d[49m[38;5;241;43m=[39;49m[38;5;28;43;01mTrue[39;49;00m[43m,[49m[43m [49m[43mcopy[49m[38;5;241;43m=[39;49m[38;5;28;43mself[39;49m[38;5;241;43m.[39;49m[43mcopy[49m
[0;32m    485[0m [43m[49m[43m)[49m
[0;32m    487[0m [38;5;66;03m# Handle n_components==None[39;00m
[0;32m    488[0m [38;5;28;01mif[39;00m [38;5;28mself[39m[38;5;241m.[39mn_components [38;5;129;01mis[39;00m [38;5;28;01mNone[39;00m:

File [1;32m~\miniconda3\envs\ml_venv\lib\site-packages\sklearn\base.py:604[0m, in [0;36mBaseEstimator._validate_data[1;34m(self, X, y, reset, validate_separately, cast_to_ndarray, **check_params)[0m
[0;32m    602[0m         out [38;5;241m=[39m X, y
[0;32m    603[0m [38;5;28;01melif[39;00m [38;5;129;01mnot[39;00m no_val_X [38;5;129;01mand[39;00m no_val_y:
[1;32m--> 604[0m     out [38;5;241m=[39m check_array(X, input_name[38;5;241m=[39m[38;5;124m"[39m[38;5;124mX[39m[38;5;124m"[39m, [38;5;241m*[39m[38;5;241m*[39mcheck_params)
[0;32m    605[0m [38;5;28;01melif[39;00m no_val_X [38;5;129;01mand[39;00m [38;5;129;01mnot[39;00m no_val_y:
[0;32m    606[0m     out [38;5;241m=[39m _check_y(y, [38;5;241m*[39m[38;5;241m*[39mcheck_params)

File [1;32m~\miniconda3\envs\ml_venv\lib\site-packages\sklearn\utils\validation.py:969[0m, in [0;36mcheck_array[1;34m(array, accept_sparse, accept_large_sparse, dtype, order, copy, force_all_finite, ensure_2d, allow_nd, ensure_min_samples, ensure_min_features, estimator, input_name)[0m
[0;32m    967[0m     n_samples [38;5;241m=[39m _num_samples(array)
[0;32m    968[0m     [38;5;28;01mif[39;00m n_samples [38;5;241m<[39m ensure_min_samples:
[1;32m--> 969[0m         [38;5;28;01mraise[39;00m [38;5;167;01mValueError[39;00m(
[0;32m    970[0m             [38;5;124m"[39m[38;5;124mFound array with [39m[38;5;132;01m%d[39;00m[38;5;124m sample(s) (shape=[39m[38;5;132;01m%s[39;00m[38;5;124m) while a[39m[38;5;124m"[39m
[0;32m    971[0m             [38;5;124m"[39m[38;5;124m minimum of [39m[38;5;132;01m%d[39;00m[38;5;124m is required[39m[38;5;132;01m%s[39;00m[38;5;124m.[39m[38;5;124m"[39m
[0;32m    972[0m             [38;5;241m%[39m (n_samples, array[38;5;241m.[39mshape, ensure_min_samples, context)
[0;32m    973[0m         )
[0;32m    975[0m [38;5;28;01mif[39;00m ensure_min_features [38;5;241m>[39m [38;5;241m0[39m [38;5;129;01mand[39;00m array[38;5;241m.[39mndim [38;5;241m==[39m [38;5;241m2[39m:
[0;32m    976[0m     n_features [38;5;241m=[39m array[38;5;241m.[39mshape[[38;5;241m1[39m]

[1;31mValueError[0m: Found array with 0 sample(s) (shape=(0, 1)) while a minimum of 1 is required by PCA.

